2013-05-01 00:00:53,606 [main] INFO  com.eventpool.common.BaseTest - Setting Profile to :dev
2013-05-01 00:00:53,731 [main] INFO  o.s.b.f.xml.XmlBeanDefinitionReader - Loading XML bean definitions from file [D:\Ezas\Personal\KnowledgeHut\workspace\eventpool\target\classes\META-INF\eventpool\applicationContext-common-data.xml]
2013-05-01 00:00:54,195 [main] INFO  o.s.c.s.GenericApplicationContext - Refreshing org.springframework.context.support.GenericApplicationContext@506f9b8e: startup date [Wed May 01 00:00:54 IST 2013]; root of context hierarchy
2013-05-01 00:00:54,410 [main] INFO  o.s.b.f.c.PropertyPlaceholderConfigurer - Loading properties file from URL [file:/D:/Ezas/Personal/KnowledgeHut/workspace/eventpool/target/classes/META-INF/properties/dev/eventpool.properties]
2013-05-01 00:00:54,538 [main] INFO  o.s.c.s.GenericApplicationContext - Bean 'org.springframework.orm.jpa.vendor.HibernateJpaVendorAdapter#319c0bd6' of type [class org.springframework.orm.jpa.vendor.HibernateJpaVendorAdapter] is not eligible for getting processed by all BeanPostProcessors (for example: not eligible for auto-proxying)
2013-05-01 00:00:54,894 [main] INFO  o.s.c.s.GenericApplicationContext - Bean 'pooledDataSource' of type [class com.mchange.v2.c3p0.ComboPooledDataSource] is not eligible for getting processed by all BeanPostProcessors (for example: not eligible for auto-proxying)
2013-05-01 00:00:54,897 [main] INFO  o.s.jndi.JndiObjectFactoryBean - JNDI lookup failed - returning specified default object instead: javax.naming.NoInitialContextException: Need to specify class name in environment or system property, or as an applet parameter, or in an application resource file:  java.naming.factory.initial
2013-05-01 00:00:54,898 [main] INFO  o.s.c.s.GenericApplicationContext - Bean 'dataSource' of type [class org.springframework.jndi.JndiObjectFactoryBean] is not eligible for getting processed by all BeanPostProcessors (for example: not eligible for auto-proxying)
2013-05-01 00:00:54,898 [main] INFO  o.s.c.s.GenericApplicationContext - Bean 'dataSource' of type [class com.mchange.v2.c3p0.ComboPooledDataSource] is not eligible for getting processed by all BeanPostProcessors (for example: not eligible for auto-proxying)
2013-05-01 00:00:54,911 [main] INFO  o.s.o.j.LocalContainerEntityManagerFactoryBean - Building JPA container EntityManagerFactory for persistence unit 'eventpool-persistence-unit'
2013-05-01 00:00:55,027 [main] INFO  o.h.annotations.common.Version - Hibernate Commons Annotations 3.2.0.Final
2013-05-01 00:00:55,032 [main] INFO  org.hibernate.cfg.Environment - Hibernate 3.6.10.Final
2013-05-01 00:00:55,033 [main] INFO  org.hibernate.cfg.Environment - hibernate.properties not found
2013-05-01 00:00:55,035 [main] INFO  org.hibernate.cfg.Environment - Bytecode provider name : javassist
2013-05-01 00:00:55,038 [main] INFO  org.hibernate.cfg.Environment - using JDK 1.4 java.sql.Timestamp handling
2013-05-01 00:00:55,090 [main] INFO  org.hibernate.ejb.Version - Hibernate EntityManager 3.6.10.Final
2013-05-01 00:00:55,104 [main] INFO  org.hibernate.ejb.Ejb3Configuration - Processing PersistenceUnitInfo [
	name: eventpool-persistence-unit
	...]
2013-05-01 00:00:55,260 [main] INFO  org.hibernate.cfg.AnnotationBinder - Binding entity from annotated class: com.eventpool.common.entities.Media
2013-05-01 00:00:55,302 [main] INFO  o.h.cfg.annotations.EntityBinder - Bind entity com.eventpool.common.entities.Media on table EVENT_MEDIA
2013-05-01 00:00:55,364 [main] INFO  org.hibernate.cfg.AnnotationBinder - Binding entity from annotated class: com.eventpool.common.entities.Address
2013-05-01 00:00:55,364 [main] INFO  o.h.cfg.annotations.EntityBinder - Bind entity com.eventpool.common.entities.Address on table ADDRESS
2013-05-01 00:00:55,379 [main] INFO  org.hibernate.cfg.AnnotationBinder - Binding entity from annotated class: com.eventpool.common.entities.Category
2013-05-01 00:00:55,379 [main] INFO  o.h.cfg.annotations.EntityBinder - Bind entity com.eventpool.common.entities.Category on table CATEGORY
2013-05-01 00:00:55,388 [main] INFO  org.hibernate.cfg.AnnotationBinder - Binding entity from annotated class: com.eventpool.common.entities.Ticket
2013-05-01 00:00:55,388 [main] INFO  o.h.cfg.annotations.EntityBinder - Bind entity com.eventpool.common.entities.Ticket on table TICKET
2013-05-01 00:00:55,392 [main] INFO  org.hibernate.cfg.AnnotationBinder - Binding entity from annotated class: com.eventpool.common.entities.TicketInventory
2013-05-01 00:00:55,392 [main] INFO  o.h.cfg.annotations.EntityBinder - Bind entity com.eventpool.common.entities.TicketInventory on table TICKET_INVENTORY
2013-05-01 00:00:55,397 [main] INFO  org.hibernate.cfg.AnnotationBinder - Binding entity from annotated class: com.eventpool.common.entities.Event
2013-05-01 00:00:55,397 [main] INFO  o.h.cfg.annotations.EntityBinder - Bind entity com.eventpool.common.entities.Event on table EVENT
2013-05-01 00:00:55,427 [main] INFO  org.hibernate.cfg.AnnotationBinder - Binding entity from annotated class: com.eventpool.common.entities.Order
2013-05-01 00:00:55,427 [main] INFO  o.h.cfg.annotations.EntityBinder - Bind entity com.eventpool.common.entities.Order on table ORDER
2013-05-01 00:00:55,438 [main] INFO  org.hibernate.cfg.AnnotationBinder - Binding entity from annotated class: com.eventpool.common.entities.Suborder
2013-05-01 00:00:55,438 [main] INFO  o.h.cfg.annotations.EntityBinder - Bind entity com.eventpool.common.entities.Suborder on table SUBORDER
2013-05-01 00:00:55,444 [main] INFO  org.hibernate.cfg.AnnotationBinder - Binding entity from annotated class: com.eventpool.common.entities.Registration
2013-05-01 00:00:55,444 [main] INFO  o.h.cfg.annotations.EntityBinder - Bind entity com.eventpool.common.entities.Registration on table REGISTRATION
2013-05-01 00:00:55,453 [main] INFO  o.h.cfg.annotations.CollectionBinder - Mapping collection: com.eventpool.common.entities.Suborder.registrations -> REGISTRATION
2013-05-01 00:00:55,454 [main] INFO  o.h.cfg.annotations.CollectionBinder - Mapping collection: com.eventpool.common.entities.Order.suborders -> SUBORDER
2013-05-01 00:00:55,454 [main] INFO  o.h.cfg.annotations.CollectionBinder - Mapping collection: com.eventpool.common.entities.Event.tickets -> TICKET
2013-05-01 00:00:55,457 [main] INFO  org.hibernate.cfg.Configuration - Hibernate Validator not found: ignoring
2013-05-01 00:00:55,783 [main] INFO  o.h.c.s.HibernateSearchEventListenerRegister - Unable to find org.hibernate.search.event.FullTextIndexEventListener on the classpath. Hibernate Search is not enabled.
2013-05-01 00:00:55,791 [main] INFO  o.h.c.ConnectionProviderFactory - Initializing connection provider: org.hibernate.ejb.connection.InjectedDataSourceConnectionProvider
2013-05-01 00:00:55,794 [main] INFO  o.h.e.c.InjectedDataSourceConnectionProvider - Using provided datasource
2013-05-01 00:00:56,086 [main] INFO  org.hibernate.dialect.Dialect - Using dialect: org.hibernate.dialect.MySQLDialect
2013-05-01 00:00:56,093 [main] INFO  o.h.engine.jdbc.JdbcSupportLoader - Disabling contextual LOB creation as JDBC driver reported JDBC version [3] less than 4
2013-05-01 00:00:56,093 [main] INFO  org.hibernate.cfg.SettingsFactory - Database ->
       name : MySQL
    version : 5.5.21
      major : 5
      minor : 5
2013-05-01 00:00:56,093 [main] INFO  org.hibernate.cfg.SettingsFactory - Driver ->
       name : MySQL-AB JDBC Driver
    version : mysql-connector-java-5.1.6 ( Revision: ${svn.Revision} )
      major : 5
      minor : 1
2013-05-01 00:00:56,095 [main] INFO  o.h.t.TransactionFactoryFactory - Using default transaction strategy (direct JDBC transactions)
2013-05-01 00:00:56,096 [main] INFO  o.h.t.TransactionManagerLookupFactory - No TransactionManagerLookup configured (in JTA environment, use of read-write or transactional second-level cache is not recommended)
2013-05-01 00:00:56,096 [main] INFO  org.hibernate.cfg.SettingsFactory - Automatic flush during beforeCompletion(): disabled
2013-05-01 00:00:56,097 [main] INFO  org.hibernate.cfg.SettingsFactory - Automatic session close at end of transaction: disabled
2013-05-01 00:00:56,097 [main] INFO  org.hibernate.cfg.SettingsFactory - JDBC batch size: 50
2013-05-01 00:00:56,097 [main] INFO  org.hibernate.cfg.SettingsFactory - JDBC batch updates for versioned data: disabled
2013-05-01 00:00:56,098 [main] INFO  org.hibernate.cfg.SettingsFactory - Scrollable result sets: enabled
2013-05-01 00:00:56,098 [main] INFO  org.hibernate.cfg.SettingsFactory - JDBC3 getGeneratedKeys(): enabled
2013-05-01 00:00:56,098 [main] INFO  org.hibernate.cfg.SettingsFactory - Connection release mode: auto
2013-05-01 00:00:56,098 [main] INFO  org.hibernate.cfg.SettingsFactory - Maximum outer join fetch depth: 2
2013-05-01 00:00:56,098 [main] INFO  org.hibernate.cfg.SettingsFactory - Default batch fetch size: 1
2013-05-01 00:00:56,098 [main] INFO  org.hibernate.cfg.SettingsFactory - Generate SQL with comments: disabled
2013-05-01 00:00:56,098 [main] INFO  org.hibernate.cfg.SettingsFactory - Order SQL updates by primary key: disabled
2013-05-01 00:00:56,098 [main] INFO  org.hibernate.cfg.SettingsFactory - Order SQL inserts for batching: disabled
2013-05-01 00:00:56,099 [main] INFO  org.hibernate.cfg.SettingsFactory - Query translator: org.hibernate.hql.ast.ASTQueryTranslatorFactory
2013-05-01 00:00:56,100 [main] INFO  o.h.h.ast.ASTQueryTranslatorFactory - Using ASTQueryTranslatorFactory
2013-05-01 00:00:56,100 [main] INFO  org.hibernate.cfg.SettingsFactory - Query language substitutions: {}
2013-05-01 00:00:56,100 [main] INFO  org.hibernate.cfg.SettingsFactory - JPA-QL strict compliance: enabled
2013-05-01 00:00:56,100 [main] INFO  org.hibernate.cfg.SettingsFactory - Second-level cache: enabled
2013-05-01 00:00:56,100 [main] INFO  org.hibernate.cfg.SettingsFactory - Query cache: enabled
2013-05-01 00:00:56,100 [main] INFO  org.hibernate.cfg.SettingsFactory - Cache region factory : org.hibernate.cache.EhCacheRegionFactory
2013-05-01 00:00:56,109 [main] INFO  org.hibernate.cfg.SettingsFactory - Optimize cache for minimal puts: enabled
2013-05-01 00:00:56,109 [main] INFO  org.hibernate.cfg.SettingsFactory - Cache region prefix: $EVENT_POOL{hibernate.cache.region_prefix}
2013-05-01 00:00:56,109 [main] INFO  org.hibernate.cfg.SettingsFactory - Structured second-level cache entries: enabled
2013-05-01 00:00:56,109 [main] INFO  org.hibernate.cfg.SettingsFactory - Query cache factory: org.hibernate.cache.StandardQueryCacheFactory
2013-05-01 00:00:56,113 [main] INFO  org.hibernate.cfg.SettingsFactory - Echoing all SQL to stdout
2013-05-01 00:00:56,113 [main] INFO  org.hibernate.cfg.SettingsFactory - Statistics: disabled
2013-05-01 00:00:56,113 [main] INFO  org.hibernate.cfg.SettingsFactory - Deleted entity synthetic identifier rollback: disabled
2013-05-01 00:00:56,113 [main] INFO  org.hibernate.cfg.SettingsFactory - Default entity-mode: pojo
2013-05-01 00:00:56,113 [main] INFO  org.hibernate.cfg.SettingsFactory - Named query checking : enabled
2013-05-01 00:00:56,114 [main] INFO  org.hibernate.cfg.SettingsFactory - Check Nullability in Core (should be disabled when Bean Validation is on): disabled
2013-05-01 00:00:56,125 [main] INFO  o.hibernate.impl.SessionFactoryImpl - building session factory
2013-05-01 00:00:56,130 [main] INFO  org.hibernate.type.BasicTypeRegistry - Type registration [characters_clob] overrides previous : org.hibernate.type.PrimitiveCharacterArrayClobType@6fa37fac
2013-05-01 00:00:56,130 [main] INFO  org.hibernate.type.BasicTypeRegistry - Type registration [wrapper_materialized_blob] overrides previous : org.hibernate.type.WrappedMaterializedBlobType@57132e76
2013-05-01 00:00:56,130 [main] INFO  org.hibernate.type.BasicTypeRegistry - Type registration [blob] overrides previous : org.hibernate.type.BlobType@2c4f71a3
2013-05-01 00:00:56,130 [main] INFO  org.hibernate.type.BasicTypeRegistry - Type registration [java.sql.Blob] overrides previous : org.hibernate.type.BlobType@2c4f71a3
2013-05-01 00:00:56,130 [main] INFO  org.hibernate.type.BasicTypeRegistry - Type registration [materialized_clob] overrides previous : org.hibernate.type.MaterializedClobType@13ad9b0f
2013-05-01 00:00:56,130 [main] INFO  org.hibernate.type.BasicTypeRegistry - Type registration [wrapper_characters_clob] overrides previous : org.hibernate.type.CharacterArrayClobType@6a9effe0
2013-05-01 00:00:56,130 [main] INFO  org.hibernate.type.BasicTypeRegistry - Type registration [clob] overrides previous : org.hibernate.type.ClobType@6cb101cf
2013-05-01 00:00:56,130 [main] INFO  org.hibernate.type.BasicTypeRegistry - Type registration [java.sql.Clob] overrides previous : org.hibernate.type.ClobType@6cb101cf
2013-05-01 00:00:56,131 [main] INFO  org.hibernate.type.BasicTypeRegistry - Type registration [materialized_blob] overrides previous : org.hibernate.type.MaterializedBlobType@58edf4c8
2013-05-01 00:00:56,134 [main] WARN  n.s.e.config.ConfigurationFactory - No configuration found. Configuring ehcache from ehcache-failsafe.xml  found in the classpath: jar:file:/C:/Users/ezas.shaik/.m2/repository/net/sf/ehcache/ehcache-core/2.4.3/ehcache-core-2.4.3.jar!/ehcache-failsafe.xml
2013-05-01 00:00:56,417 [main] INFO  o.h.impl.SessionFactoryObjectFactory - Not binding factory to JNDI, no JNDI name configured
2013-05-01 00:00:56,418 [main] INFO  o.h.cache.UpdateTimestampsCache - starting update timestamps cache at region: $EVENT_POOL{hibernate.cache.region_prefix}.org.hibernate.cache.UpdateTimestampsCache
2013-05-01 00:00:56,420 [main] WARN  n.s.e.h.AbstractEhcacheRegionFactory - Couldn't find a specific ehcache configuration for cache named [$EVENT_POOL{hibernate.cache.region_prefix}.org.hibernate.cache.UpdateTimestampsCache]; using defaults.
2013-05-01 00:00:56,444 [main] INFO  o.hibernate.cache.StandardQueryCache - starting query cache at region: $EVENT_POOL{hibernate.cache.region_prefix}.org.hibernate.cache.StandardQueryCache
2013-05-01 00:00:56,445 [main] WARN  n.s.e.h.AbstractEhcacheRegionFactory - Couldn't find a specific ehcache configuration for cache named [$EVENT_POOL{hibernate.cache.region_prefix}.org.hibernate.cache.StandardQueryCache]; using defaults.
2013-05-01 00:00:56,496 [main] INFO  o.s.c.s.GenericApplicationContext - Bean 'entityManagerFactory' of type [class org.springframework.orm.jpa.LocalContainerEntityManagerFactoryBean] is not eligible for getting processed by all BeanPostProcessors (for example: not eligible for auto-proxying)
2013-05-01 00:00:56,523 [main] INFO  o.s.c.s.GenericApplicationContext - Bean 'org.springframework.transaction.annotation.AnnotationTransactionAttributeSource#0' of type [class org.springframework.transaction.annotation.AnnotationTransactionAttributeSource] is not eligible for getting processed by all BeanPostProcessors (for example: not eligible for auto-proxying)
2013-05-01 00:00:56,525 [main] INFO  o.s.c.s.GenericApplicationContext - Bean 'org.springframework.transaction.config.internalTransactionAdvisor' of type [class org.springframework.transaction.interceptor.BeanFactoryTransactionAttributeSourceAdvisor] is not eligible for getting processed by all BeanPostProcessors (for example: not eligible for auto-proxying)
2013-05-01 00:00:56,535 [main] INFO  o.s.b.f.s.DefaultListableBeanFactory - Pre-instantiating singletons in org.springframework.beans.factory.support.DefaultListableBeanFactory@5bab2b55: defining beans [commonDataPropertiesConfigurer,org.springframework.context.annotation.internalConfigurationAnnotationProcessor,org.springframework.context.annotation.internalAutowiredAnnotationProcessor,org.springframework.context.annotation.internalRequiredAnnotationProcessor,org.springframework.context.annotation.internalCommonAnnotationProcessor,org.springframework.context.annotation.internalPersistenceAnnotationProcessor,eventApi,eventMapper,auditLogger,springHandlersProvider,runEnvironment,standardGate,ticketBlockedCommandHandler,ticketOrderedCommandHandler,ticketUnBlockedCommandHandler,ticketDomainApiImpl,ticketInventoryServiceImpl,eventController,EventService,indexController,categoryRepository,orderRepository,ticketInventoryRepository,eventRepository,org.springframework.data.repository.core.support.RepositoryInterfaceAwareBeanPostProcessor#0,org.springframework.dao.annotation.PersistenceExceptionTranslationPostProcessor#0,org.springframework.orm.jpa.support.PersistenceAnnotationBeanPostProcessor#0,org.springframework.aop.config.internalAutoProxyCreator,org.springframework.transaction.annotation.AnnotationTransactionAttributeSource#0,org.springframework.transaction.interceptor.TransactionInterceptor#0,org.springframework.transaction.config.internalTransactionAdvisor,transactionManager,entityManagerFactory,dataSource,commonDataSource,pooledDataSource,validator,org.springframework.context.annotation.ConfigurationClassPostProcessor$ImportAwareBeanPostProcessor#0]; root of factory hierarchy
2013-05-01 00:00:56,551 [main] INFO  org.dozer.config.GlobalSettings - Trying to find Dozer configuration file: dozer.properties
2013-05-01 00:00:56,560 [main] WARN  org.dozer.config.GlobalSettings - Dozer configuration file not found: dozer.properties.  Using defaults for all Dozer global properties.
2013-05-01 00:00:56,562 [main] INFO  org.dozer.DozerInitializer - Initializing Dozer. Version: 5.4.0, Thread Name: main
2013-05-01 00:00:56,564 [main] INFO  org.dozer.jmx.JMXPlatformImpl - Dozer JMX MBean [org.dozer.jmx:type=DozerStatisticsController] auto registered with the Platform MBean Server
2013-05-01 00:00:56,566 [main] INFO  org.dozer.jmx.JMXPlatformImpl - Dozer JMX MBean [org.dozer.jmx:type=DozerAdminController] auto registered with the Platform MBean Server
2013-05-01 00:00:56,570 [main] INFO  org.dozer.DozerBeanMapper - Initializing a new instance of dozer bean mapper.
2013-05-01 00:00:56,716 [main] INFO  org.dozer.DozerBeanMapper - Initializing a new instance of dozer bean mapper.
2013-05-01 00:00:56,964 [main] INFO  o.s.j.d.DriverManagerDataSource - Loaded JDBC driver: com.mysql.jdbc.Driver
2013-05-01 00:00:57,025 [main] INFO  c.e.t.command.impl.RunEnvironment - executing command: TicketBlockedCommand[ticketId=101,blockingQty=1,id=5d1cab26-d7d1-4fed-a4ed-4e5292c84bea]
2013-05-01 00:00:57,034 [main] INFO  c.e.ticket.core.TicketDomainApiImpl - Blocking Ticket Inventory...
2013-05-01 00:00:57,059 [main] INFO  c.e.ticket.core.TicketDomainApiImpl - Blocked Ticket Inventory...com.eventpool.common.dto.TicketInventoryDetails@8955b34[ticketId=101,invQty=8,blockingQty=1,isInvUpdated=false,isInvBlocked=false]
2013-05-01 00:00:57,086 [main] INFO  c.e.t.command.impl.RunEnvironment - executing command: TicketOrderedCommand[ticketId=101,qty=1,id=14cc1d73-cd1a-4b7e-9adf-eb718928f3b6]
2013-05-01 00:00:57,087 [main] INFO  c.e.ticket.core.TicketDomainApiImpl - Updating Ticket Inventory...
2013-05-01 00:00:57,089 [main] INFO  c.e.ticket.core.TicketDomainApiImpl - Updated Ticket Inventory...com.eventpool.common.dto.TicketInventoryDetails@2d791620[ticketId=101,invQty=8,blockingQty=0,isInvUpdated=false,isInvBlocked=false]
2013-05-01 00:00:57,139 [main] INFO  c.e.t.command.impl.RunEnvironment - executing command: TicketBlockedCommand[ticketId=101,blockingQty=1,id=5d1cab26-d7d1-4fed-a4ed-4e5292c84bea]
2013-05-01 00:00:57,140 [main] INFO  c.e.ticket.core.TicketDomainApiImpl - Blocking Ticket Inventory...
2013-05-01 00:00:57,141 [main] INFO  c.e.ticket.core.TicketDomainApiImpl - Blocked Ticket Inventory...com.eventpool.common.dto.TicketInventoryDetails@b8235a1[ticketId=101,invQty=7,blockingQty=1,isInvUpdated=false,isInvBlocked=false]
2013-05-01 00:00:57,147 [main] INFO  c.e.t.command.impl.RunEnvironment - executing command: TicketUnBlockedCommand[ticketId=101,blockingQty=1,id=ec061b6d-6bd4-42dd-b42f-e5b9e19ac3fc]
2013-05-01 00:00:57,147 [main] INFO  c.e.ticket.core.TicketDomainApiImpl - Un Blocking Ticket Inventory...
2013-05-01 00:00:57,149 [main] INFO  c.e.ticket.core.TicketDomainApiImpl - UnBlocked Ticket Inventory...com.eventpool.common.dto.TicketInventoryDetails@55172fb9[ticketId=101,invQty=8,blockingQty=1,isInvUpdated=false,isInvBlocked=true]
2013-05-01 00:00:57,159 [Thread-7] INFO  o.s.c.s.GenericApplicationContext - Closing org.springframework.context.support.GenericApplicationContext@506f9b8e: startup date [Wed May 01 00:00:54 IST 2013]; root of context hierarchy
2013-05-01 00:00:57,161 [Thread-7] INFO  o.s.b.f.s.DefaultListableBeanFactory - Destroying singletons in org.springframework.beans.factory.support.DefaultListableBeanFactory@5bab2b55: defining beans [commonDataPropertiesConfigurer,org.springframework.context.annotation.internalConfigurationAnnotationProcessor,org.springframework.context.annotation.internalAutowiredAnnotationProcessor,org.springframework.context.annotation.internalRequiredAnnotationProcessor,org.springframework.context.annotation.internalCommonAnnotationProcessor,org.springframework.context.annotation.internalPersistenceAnnotationProcessor,eventApi,eventMapper,auditLogger,springHandlersProvider,runEnvironment,standardGate,ticketBlockedCommandHandler,ticketOrderedCommandHandler,ticketUnBlockedCommandHandler,ticketDomainApiImpl,ticketInventoryServiceImpl,eventController,EventService,indexController,categoryRepository,orderRepository,ticketInventoryRepository,eventRepository,org.springframework.data.repository.core.support.RepositoryInterfaceAwareBeanPostProcessor#0,org.springframework.dao.annotation.PersistenceExceptionTranslationPostProcessor#0,org.springframework.orm.jpa.support.PersistenceAnnotationBeanPostProcessor#0,org.springframework.aop.config.internalAutoProxyCreator,org.springframework.transaction.annotation.AnnotationTransactionAttributeSource#0,org.springframework.transaction.interceptor.TransactionInterceptor#0,org.springframework.transaction.config.internalTransactionAdvisor,transactionManager,entityManagerFactory,dataSource,commonDataSource,pooledDataSource,validator,org.springframework.context.annotation.ConfigurationClassPostProcessor$ImportAwareBeanPostProcessor#0]; root of factory hierarchy
2013-05-01 00:00:57,163 [Thread-7] INFO  o.s.o.j.LocalContainerEntityManagerFactoryBean - Closing JPA EntityManagerFactory for persistence unit 'eventpool-persistence-unit'
2013-05-01 00:00:57,163 [Thread-7] INFO  o.hibernate.impl.SessionFactoryImpl - closing
2013-05-01 12:02:36,284 [main] INFO  o.s.web.context.ContextLoader - Root WebApplicationContext: initialization started
2013-05-01 12:02:36,376 [main] INFO  o.s.w.c.s.XmlWebApplicationContext - Refreshing Root WebApplicationContext: startup date [Wed May 01 12:02:36 IST 2013]; root of context hierarchy
2013-05-01 12:02:36,442 [main] INFO  o.s.b.f.xml.XmlBeanDefinitionReader - Loading XML bean definitions from ServletContext resource [/WEB-INF/spring/app-config.xml]
2013-05-01 12:02:36,522 [main] INFO  o.s.b.f.xml.XmlBeanDefinitionReader - Loading XML bean definitions from URL [file:/D:/Ezas/Personal/KnowledgeHut/workspace/eventpool/target/classes/META-INF/eventpool/applicationContext-common-data.xml]
2013-05-01 12:02:37,299 [main] INFO  o.s.b.f.c.PropertyPlaceholderConfigurer - Loading properties file from URL [file:/D:/Ezas/Personal/KnowledgeHut/workspace/eventpool/target/classes/META-INF/properties/dev/eventpool.properties]
2013-05-01 12:02:37,417 [main] INFO  o.s.w.c.s.XmlWebApplicationContext - Bean 'org.springframework.orm.jpa.vendor.HibernateJpaVendorAdapter#5eb8f6d' of type [class org.springframework.orm.jpa.vendor.HibernateJpaVendorAdapter] is not eligible for getting processed by all BeanPostProcessors (for example: not eligible for auto-proxying)
2013-05-01 12:02:37,918 [main] INFO  o.s.w.c.s.XmlWebApplicationContext - Bean 'pooledDataSource' of type [class com.mchange.v2.c3p0.ComboPooledDataSource] is not eligible for getting processed by all BeanPostProcessors (for example: not eligible for auto-proxying)
2013-05-01 12:02:37,919 [main] INFO  o.s.jndi.JndiObjectFactoryBean - JNDI lookup failed - returning specified default object instead: javax.naming.NameNotFoundException: Name commonDataSourceJndi is not bound in this Context
2013-05-01 12:02:37,919 [main] INFO  o.s.w.c.s.XmlWebApplicationContext - Bean 'dataSource' of type [class org.springframework.jndi.JndiObjectFactoryBean] is not eligible for getting processed by all BeanPostProcessors (for example: not eligible for auto-proxying)
2013-05-01 12:02:37,920 [main] INFO  o.s.w.c.s.XmlWebApplicationContext - Bean 'dataSource' of type [class com.mchange.v2.c3p0.ComboPooledDataSource] is not eligible for getting processed by all BeanPostProcessors (for example: not eligible for auto-proxying)
2013-05-01 12:02:37,972 [main] INFO  o.s.o.j.LocalContainerEntityManagerFactoryBean - Building JPA container EntityManagerFactory for persistence unit 'eventpool-persistence-unit'
2013-05-01 12:02:38,287 [main] INFO  o.h.annotations.common.Version - Hibernate Commons Annotations 3.2.0.Final
2013-05-01 12:02:38,296 [main] INFO  org.hibernate.cfg.Environment - Hibernate 3.6.10.Final
2013-05-01 12:02:38,299 [main] INFO  org.hibernate.cfg.Environment - hibernate.properties not found
2013-05-01 12:02:38,310 [main] INFO  org.hibernate.cfg.Environment - Bytecode provider name : javassist
2013-05-01 12:02:38,316 [main] INFO  org.hibernate.cfg.Environment - using JDK 1.4 java.sql.Timestamp handling
2013-05-01 12:02:38,411 [main] INFO  org.hibernate.ejb.Version - Hibernate EntityManager 3.6.10.Final
2013-05-01 12:02:38,449 [main] INFO  org.hibernate.ejb.Ejb3Configuration - Processing PersistenceUnitInfo [
	name: eventpool-persistence-unit
	...]
2013-05-01 12:02:38,690 [main] INFO  org.hibernate.cfg.AnnotationBinder - Binding entity from annotated class: com.eventpool.common.entities.Media
2013-05-01 12:02:38,740 [main] INFO  o.h.cfg.annotations.EntityBinder - Bind entity com.eventpool.common.entities.Media on table EVENT_MEDIA
2013-05-01 12:02:38,798 [main] INFO  org.hibernate.cfg.AnnotationBinder - Binding entity from annotated class: com.eventpool.common.entities.Address
2013-05-01 12:02:38,799 [main] INFO  o.h.cfg.annotations.EntityBinder - Bind entity com.eventpool.common.entities.Address on table ADDRESS
2013-05-01 12:02:38,813 [main] INFO  org.hibernate.cfg.AnnotationBinder - Binding entity from annotated class: com.eventpool.common.entities.Category
2013-05-01 12:02:38,814 [main] INFO  o.h.cfg.annotations.EntityBinder - Bind entity com.eventpool.common.entities.Category on table CATEGORY
2013-05-01 12:02:38,826 [main] INFO  org.hibernate.cfg.AnnotationBinder - Binding entity from annotated class: com.eventpool.common.entities.Ticket
2013-05-01 12:02:38,826 [main] INFO  o.h.cfg.annotations.EntityBinder - Bind entity com.eventpool.common.entities.Ticket on table TICKET
2013-05-01 12:02:38,832 [main] INFO  org.hibernate.cfg.AnnotationBinder - Binding entity from annotated class: com.eventpool.common.entities.TicketInventory
2013-05-01 12:02:38,832 [main] INFO  o.h.cfg.annotations.EntityBinder - Bind entity com.eventpool.common.entities.TicketInventory on table TICKET_INVENTORY
2013-05-01 12:02:38,841 [main] INFO  org.hibernate.cfg.AnnotationBinder - Binding entity from annotated class: com.eventpool.common.entities.Event
2013-05-01 12:02:38,842 [main] INFO  o.h.cfg.annotations.EntityBinder - Bind entity com.eventpool.common.entities.Event on table EVENT
2013-05-01 12:02:38,902 [main] INFO  org.hibernate.cfg.AnnotationBinder - Binding entity from annotated class: com.eventpool.common.entities.Order
2013-05-01 12:02:38,902 [main] INFO  o.h.cfg.annotations.EntityBinder - Bind entity com.eventpool.common.entities.Order on table ORDER
2013-05-01 12:02:38,911 [main] INFO  org.hibernate.cfg.AnnotationBinder - Binding entity from annotated class: com.eventpool.common.entities.Suborder
2013-05-01 12:02:38,911 [main] INFO  o.h.cfg.annotations.EntityBinder - Bind entity com.eventpool.common.entities.Suborder on table SUBORDER
2013-05-01 12:02:38,919 [main] INFO  org.hibernate.cfg.AnnotationBinder - Binding entity from annotated class: com.eventpool.common.entities.Registration
2013-05-01 12:02:38,919 [main] INFO  o.h.cfg.annotations.EntityBinder - Bind entity com.eventpool.common.entities.Registration on table REGISTRATION
2013-05-01 12:02:38,935 [main] INFO  o.h.cfg.annotations.CollectionBinder - Mapping collection: com.eventpool.common.entities.Suborder.registrations -> REGISTRATION
2013-05-01 12:02:38,937 [main] INFO  o.h.cfg.annotations.CollectionBinder - Mapping collection: com.eventpool.common.entities.Order.suborders -> SUBORDER
2013-05-01 12:02:38,937 [main] INFO  o.h.cfg.annotations.CollectionBinder - Mapping collection: com.eventpool.common.entities.Event.tickets -> TICKET
2013-05-01 12:02:38,941 [main] INFO  org.hibernate.cfg.Configuration - Hibernate Validator not found: ignoring
2013-05-01 12:02:39,479 [main] INFO  o.h.c.s.HibernateSearchEventListenerRegister - Unable to find org.hibernate.search.event.FullTextIndexEventListener on the classpath. Hibernate Search is not enabled.
2013-05-01 12:02:39,490 [main] INFO  o.h.c.ConnectionProviderFactory - Initializing connection provider: org.hibernate.ejb.connection.InjectedDataSourceConnectionProvider
2013-05-01 12:02:39,494 [main] INFO  o.h.e.c.InjectedDataSourceConnectionProvider - Using provided datasource
2013-05-01 12:02:40,479 [main] INFO  org.hibernate.dialect.Dialect - Using dialect: org.hibernate.dialect.MySQLDialect
2013-05-01 12:02:40,511 [main] INFO  o.h.engine.jdbc.JdbcSupportLoader - Disabling contextual LOB creation as JDBC driver reported JDBC version [3] less than 4
2013-05-01 12:02:40,511 [main] INFO  org.hibernate.cfg.SettingsFactory - Database ->
       name : MySQL
    version : 5.5.21
      major : 5
      minor : 5
2013-05-01 12:02:40,512 [main] INFO  org.hibernate.cfg.SettingsFactory - Driver ->
       name : MySQL-AB JDBC Driver
    version : mysql-connector-java-5.1.6 ( Revision: ${svn.Revision} )
      major : 5
      minor : 1
2013-05-01 12:02:40,516 [main] INFO  o.h.t.TransactionFactoryFactory - Using default transaction strategy (direct JDBC transactions)
2013-05-01 12:02:40,520 [main] INFO  o.h.t.TransactionManagerLookupFactory - No TransactionManagerLookup configured (in JTA environment, use of read-write or transactional second-level cache is not recommended)
2013-05-01 12:02:40,521 [main] INFO  org.hibernate.cfg.SettingsFactory - Automatic flush during beforeCompletion(): disabled
2013-05-01 12:02:40,521 [main] INFO  org.hibernate.cfg.SettingsFactory - Automatic session close at end of transaction: disabled
2013-05-01 12:02:40,522 [main] INFO  org.hibernate.cfg.SettingsFactory - JDBC batch size: 50
2013-05-01 12:02:40,522 [main] INFO  org.hibernate.cfg.SettingsFactory - JDBC batch updates for versioned data: disabled
2013-05-01 12:02:40,523 [main] INFO  org.hibernate.cfg.SettingsFactory - Scrollable result sets: enabled
2013-05-01 12:02:40,523 [main] INFO  org.hibernate.cfg.SettingsFactory - JDBC3 getGeneratedKeys(): enabled
2013-05-01 12:02:40,524 [main] INFO  org.hibernate.cfg.SettingsFactory - Connection release mode: auto
2013-05-01 12:02:40,525 [main] INFO  org.hibernate.cfg.SettingsFactory - Maximum outer join fetch depth: 2
2013-05-01 12:02:40,525 [main] INFO  org.hibernate.cfg.SettingsFactory - Default batch fetch size: 1
2013-05-01 12:02:40,525 [main] INFO  org.hibernate.cfg.SettingsFactory - Generate SQL with comments: disabled
2013-05-01 12:02:40,525 [main] INFO  org.hibernate.cfg.SettingsFactory - Order SQL updates by primary key: disabled
2013-05-01 12:02:40,525 [main] INFO  org.hibernate.cfg.SettingsFactory - Order SQL inserts for batching: disabled
2013-05-01 12:02:40,525 [main] INFO  org.hibernate.cfg.SettingsFactory - Query translator: org.hibernate.hql.ast.ASTQueryTranslatorFactory
2013-05-01 12:02:40,528 [main] INFO  o.h.h.ast.ASTQueryTranslatorFactory - Using ASTQueryTranslatorFactory
2013-05-01 12:02:40,529 [main] INFO  org.hibernate.cfg.SettingsFactory - Query language substitutions: {}
2013-05-01 12:02:40,529 [main] INFO  org.hibernate.cfg.SettingsFactory - JPA-QL strict compliance: enabled
2013-05-01 12:02:40,529 [main] INFO  org.hibernate.cfg.SettingsFactory - Second-level cache: enabled
2013-05-01 12:02:40,530 [main] INFO  org.hibernate.cfg.SettingsFactory - Query cache: enabled
2013-05-01 12:02:40,530 [main] INFO  org.hibernate.cfg.SettingsFactory - Cache region factory : org.hibernate.cache.EhCacheRegionFactory
2013-05-01 12:02:40,578 [main] INFO  org.hibernate.cfg.SettingsFactory - Optimize cache for minimal puts: enabled
2013-05-01 12:02:40,579 [main] INFO  org.hibernate.cfg.SettingsFactory - Cache region prefix: $EVENT_POOL{hibernate.cache.region_prefix}
2013-05-01 12:02:40,579 [main] INFO  org.hibernate.cfg.SettingsFactory - Structured second-level cache entries: enabled
2013-05-01 12:02:40,579 [main] INFO  org.hibernate.cfg.SettingsFactory - Query cache factory: org.hibernate.cache.StandardQueryCacheFactory
2013-05-01 12:02:40,590 [main] INFO  org.hibernate.cfg.SettingsFactory - Echoing all SQL to stdout
2013-05-01 12:02:40,591 [main] INFO  org.hibernate.cfg.SettingsFactory - Statistics: disabled
2013-05-01 12:02:40,591 [main] INFO  org.hibernate.cfg.SettingsFactory - Deleted entity synthetic identifier rollback: disabled
2013-05-01 12:02:40,591 [main] INFO  org.hibernate.cfg.SettingsFactory - Default entity-mode: pojo
2013-05-01 12:02:40,591 [main] INFO  org.hibernate.cfg.SettingsFactory - Named query checking : enabled
2013-05-01 12:02:40,591 [main] INFO  org.hibernate.cfg.SettingsFactory - Check Nullability in Core (should be disabled when Bean Validation is on): disabled
2013-05-01 12:02:40,649 [main] INFO  o.hibernate.impl.SessionFactoryImpl - building session factory
2013-05-01 12:02:40,656 [main] INFO  org.hibernate.type.BasicTypeRegistry - Type registration [wrapper_characters_clob] overrides previous : org.hibernate.type.CharacterArrayClobType@54c23942
2013-05-01 12:02:40,657 [main] INFO  org.hibernate.type.BasicTypeRegistry - Type registration [wrapper_materialized_blob] overrides previous : org.hibernate.type.WrappedMaterializedBlobType@1b3d4787
2013-05-01 12:02:40,657 [main] INFO  org.hibernate.type.BasicTypeRegistry - Type registration [materialized_blob] overrides previous : org.hibernate.type.MaterializedBlobType@5422fe09
2013-05-01 12:02:40,657 [main] INFO  org.hibernate.type.BasicTypeRegistry - Type registration [clob] overrides previous : org.hibernate.type.ClobType@45542c06
2013-05-01 12:02:40,657 [main] INFO  org.hibernate.type.BasicTypeRegistry - Type registration [java.sql.Clob] overrides previous : org.hibernate.type.ClobType@45542c06
2013-05-01 12:02:40,657 [main] INFO  org.hibernate.type.BasicTypeRegistry - Type registration [blob] overrides previous : org.hibernate.type.BlobType@19166179
2013-05-01 12:02:40,657 [main] INFO  org.hibernate.type.BasicTypeRegistry - Type registration [java.sql.Blob] overrides previous : org.hibernate.type.BlobType@19166179
2013-05-01 12:02:40,657 [main] INFO  org.hibernate.type.BasicTypeRegistry - Type registration [characters_clob] overrides previous : org.hibernate.type.PrimitiveCharacterArrayClobType@c595bcd
2013-05-01 12:02:40,657 [main] INFO  org.hibernate.type.BasicTypeRegistry - Type registration [materialized_clob] overrides previous : org.hibernate.type.MaterializedClobType@3e99f610
2013-05-01 12:02:40,664 [main] WARN  n.s.e.config.ConfigurationFactory - No configuration found. Configuring ehcache from ehcache-failsafe.xml  found in the classpath: jar:file:/C:/Users/ezas.shaik/.m2/repository/net/sf/ehcache/ehcache-core/2.4.3/ehcache-core-2.4.3.jar!/ehcache-failsafe.xml
2013-05-01 12:02:41,337 [main] INFO  o.h.impl.SessionFactoryObjectFactory - Not binding factory to JNDI, no JNDI name configured
2013-05-01 12:02:41,339 [main] INFO  o.h.cache.UpdateTimestampsCache - starting update timestamps cache at region: $EVENT_POOL{hibernate.cache.region_prefix}.org.hibernate.cache.UpdateTimestampsCache
2013-05-01 12:02:41,347 [main] WARN  n.s.e.h.AbstractEhcacheRegionFactory - Couldn't find a specific ehcache configuration for cache named [$EVENT_POOL{hibernate.cache.region_prefix}.org.hibernate.cache.UpdateTimestampsCache]; using defaults.
2013-05-01 12:02:41,379 [main] INFO  o.hibernate.cache.StandardQueryCache - starting query cache at region: $EVENT_POOL{hibernate.cache.region_prefix}.org.hibernate.cache.StandardQueryCache
2013-05-01 12:02:41,380 [main] WARN  n.s.e.h.AbstractEhcacheRegionFactory - Couldn't find a specific ehcache configuration for cache named [$EVENT_POOL{hibernate.cache.region_prefix}.org.hibernate.cache.StandardQueryCache]; using defaults.
2013-05-01 12:02:41,445 [main] INFO  o.s.w.c.s.XmlWebApplicationContext - Bean 'entityManagerFactory' of type [class org.springframework.orm.jpa.LocalContainerEntityManagerFactoryBean] is not eligible for getting processed by all BeanPostProcessors (for example: not eligible for auto-proxying)
2013-05-01 12:02:41,507 [main] INFO  o.s.w.c.s.XmlWebApplicationContext - Bean 'org.springframework.transaction.annotation.AnnotationTransactionAttributeSource#0' of type [class org.springframework.transaction.annotation.AnnotationTransactionAttributeSource] is not eligible for getting processed by all BeanPostProcessors (for example: not eligible for auto-proxying)
2013-05-01 12:02:41,512 [main] INFO  o.s.w.c.s.XmlWebApplicationContext - Bean 'org.springframework.transaction.config.internalTransactionAdvisor' of type [class org.springframework.transaction.interceptor.BeanFactoryTransactionAttributeSourceAdvisor] is not eligible for getting processed by all BeanPostProcessors (for example: not eligible for auto-proxying)
2013-05-01 12:02:41,536 [main] INFO  o.s.b.f.s.DefaultListableBeanFactory - Pre-instantiating singletons in org.springframework.beans.factory.support.DefaultListableBeanFactory@2eed7d11: defining beans [commonDataPropertiesConfigurer,org.springframework.context.annotation.internalConfigurationAnnotationProcessor,org.springframework.context.annotation.internalAutowiredAnnotationProcessor,org.springframework.context.annotation.internalRequiredAnnotationProcessor,org.springframework.context.annotation.internalCommonAnnotationProcessor,org.springframework.context.annotation.internalPersistenceAnnotationProcessor,eventApi,eventMapper,auditLogger,springHandlersProvider,runEnvironment,standardGate,ticketBlockedCommandHandler,ticketOrderedCommandHandler,ticketUnBlockedCommandHandler,ticketDomainApiImpl,ticketInventoryServiceImpl,eventController,EventService,indexController,categoryRepository,ticketInventoryRepository,eventRepository,orderRepository,org.springframework.data.repository.core.support.RepositoryInterfaceAwareBeanPostProcessor#0,org.springframework.dao.annotation.PersistenceExceptionTranslationPostProcessor#0,org.springframework.orm.jpa.support.PersistenceAnnotationBeanPostProcessor#0,org.springframework.aop.config.internalAutoProxyCreator,org.springframework.transaction.annotation.AnnotationTransactionAttributeSource#0,org.springframework.transaction.interceptor.TransactionInterceptor#0,org.springframework.transaction.config.internalTransactionAdvisor,transactionManager,entityManagerFactory,dataSource,commonDataSource,pooledDataSource,validator,org.springframework.context.annotation.ConfigurationClassPostProcessor$ImportAwareBeanPostProcessor#0]; root of factory hierarchy
2013-05-01 12:02:41,575 [main] INFO  org.dozer.config.GlobalSettings - Trying to find Dozer configuration file: dozer.properties
2013-05-01 12:02:41,588 [main] WARN  org.dozer.config.GlobalSettings - Dozer configuration file not found: dozer.properties.  Using defaults for all Dozer global properties.
2013-05-01 12:02:41,591 [main] INFO  org.dozer.DozerInitializer - Initializing Dozer. Version: 5.4.0, Thread Name: main
2013-05-01 12:02:41,594 [main] INFO  org.dozer.jmx.JMXPlatformImpl - Dozer JMX MBean [org.dozer.jmx:type=DozerStatisticsController] auto registered with the Platform MBean Server
2013-05-01 12:02:41,597 [main] INFO  org.dozer.jmx.JMXPlatformImpl - Dozer JMX MBean [org.dozer.jmx:type=DozerAdminController] auto registered with the Platform MBean Server
2013-05-01 12:02:41,604 [main] INFO  org.dozer.DozerBeanMapper - Initializing a new instance of dozer bean mapper.
2013-05-01 12:02:41,790 [main] INFO  org.dozer.DozerBeanMapper - Initializing a new instance of dozer bean mapper.
2013-05-01 12:02:42,233 [main] INFO  o.s.j.d.DriverManagerDataSource - Loaded JDBC driver: com.mysql.jdbc.Driver
2013-05-01 12:02:42,262 [main] INFO  o.s.web.context.ContextLoader - Root WebApplicationContext: initialization completed in 5975 ms
2013-05-01 12:02:42,364 [main] INFO  o.s.web.servlet.DispatcherServlet - FrameworkServlet 'DispatcherServlet': initialization started
2013-05-01 12:02:42,369 [main] INFO  o.s.w.c.s.XmlWebApplicationContext - Refreshing WebApplicationContext for namespace 'DispatcherServlet-servlet': startup date [Wed May 01 12:02:42 IST 2013]; parent: Root WebApplicationContext
2013-05-01 12:02:42,372 [main] INFO  o.s.b.f.xml.XmlBeanDefinitionReader - Loading XML bean definitions from ServletContext resource [/WEB-INF/spring/webapp-config.xml]
2013-05-01 12:02:42,933 [main] INFO  o.s.b.f.s.DefaultListableBeanFactory - Pre-instantiating singletons in org.springframework.beans.factory.support.DefaultListableBeanFactory@13b0e76a: defining beans [org.springframework.web.servlet.mvc.method.annotation.RequestMappingHandlerMapping#0,org.springframework.format.support.FormattingConversionServiceFactoryBean#0,org.springframework.validation.beanvalidation.LocalValidatorFactoryBean#0,org.springframework.web.servlet.mvc.method.annotation.RequestMappingHandlerAdapter#0,org.springframework.web.servlet.handler.MappedInterceptor#0,org.springframework.web.servlet.mvc.method.annotation.ExceptionHandlerExceptionResolver#0,org.springframework.web.servlet.mvc.annotation.ResponseStatusExceptionResolver#0,org.springframework.web.servlet.mvc.support.DefaultHandlerExceptionResolver#0,org.springframework.web.servlet.handler.BeanNameUrlHandlerMapping,org.springframework.web.servlet.mvc.HttpRequestHandlerAdapter,org.springframework.web.servlet.mvc.SimpleControllerHandlerAdapter,org.springframework.web.servlet.resource.ResourceHttpRequestHandler#0,org.springframework.web.servlet.handler.SimpleUrlHandlerMapping#0,eventApi,eventMapper,auditLogger,springHandlersProvider,runEnvironment,standardGate,ticketBlockedCommandHandler,ticketOrderedCommandHandler,ticketUnBlockedCommandHandler,ticketDomainApiImpl,ticketInventoryServiceImpl,eventController,EventService,indexController,org.springframework.context.annotation.internalConfigurationAnnotationProcessor,org.springframework.context.annotation.internalAutowiredAnnotationProcessor,org.springframework.context.annotation.internalRequiredAnnotationProcessor,org.springframework.context.annotation.internalCommonAnnotationProcessor,org.springframework.context.annotation.internalPersistenceAnnotationProcessor,velocityConfig,viewResolver,org.springframework.context.annotation.ConfigurationClassPostProcessor$ImportAwareBeanPostProcessor#0]; parent: org.springframework.beans.factory.support.DefaultListableBeanFactory@2eed7d11
2013-05-01 12:02:43,036 [main] INFO  o.s.w.s.m.m.a.RequestMappingHandlerMapping - Mapped "{[/events/eventslist.json],methods=[],params=[],headers=[],consumes=[],produces=[],custom=[]}" onto public java.util.List<com.eventpool.common.dto.EventDTO> com.eventpool.web.controller.EventController.getEventList()
2013-05-01 12:02:43,036 [main] INFO  o.s.w.s.m.m.a.RequestMappingHandlerMapping - Mapped "{[/events/addEvent],methods=[POST],params=[],headers=[],consumes=[],produces=[],custom=[]}" onto public void com.eventpool.web.controller.EventController.addEvent(com.eventpool.common.dto.EventDTO)
2013-05-01 12:02:43,036 [main] INFO  o.s.w.s.m.m.a.RequestMappingHandlerMapping - Mapped "{[/events/updateEvent],methods=[PUT],params=[],headers=[],consumes=[],produces=[],custom=[]}" onto public void com.eventpool.web.controller.EventController.updateEvent(com.eventpool.common.dto.EventDTO)
2013-05-01 12:02:43,037 [main] INFO  o.s.w.s.m.m.a.RequestMappingHandlerMapping - Mapped "{[/events/removeEvent/{id}],methods=[DELETE],params=[],headers=[],consumes=[],produces=[],custom=[]}" onto public void com.eventpool.web.controller.EventController.removeEvent(java.lang.Long)
2013-05-01 12:02:43,037 [main] INFO  o.s.w.s.m.m.a.RequestMappingHandlerMapping - Mapped "{[/events/removeAllEvents],methods=[DELETE],params=[],headers=[],consumes=[],produces=[],custom=[]}" onto public void com.eventpool.web.controller.EventController.removeAllEvents()
2013-05-01 12:02:43,037 [main] INFO  o.s.w.s.m.m.a.RequestMappingHandlerMapping - Mapped "{[/events/createevent],methods=[],params=[],headers=[],consumes=[],produces=[],custom=[]}" onto public java.lang.String com.eventpool.web.controller.EventController.getCreateEventPartialPage(org.springframework.ui.ModelMap)
2013-05-01 12:02:43,037 [main] INFO  o.s.w.s.m.m.a.RequestMappingHandlerMapping - Mapped "{[/events/eventlist],methods=[],params=[],headers=[],consumes=[],produces=[],custom=[]}" onto public java.lang.String com.eventpool.web.controller.EventController.getEventListPartialPage(org.springframework.ui.ModelMap)
2013-05-01 12:02:43,038 [main] INFO  o.s.w.s.m.m.a.RequestMappingHandlerMapping - Mapped "{[/events/myevents],methods=[],params=[],headers=[],consumes=[],produces=[],custom=[]}" onto public java.lang.String com.eventpool.web.controller.EventController.getMyEventListPartialPage(org.springframework.ui.ModelMap)
2013-05-01 12:02:43,038 [main] INFO  o.s.w.s.m.m.a.RequestMappingHandlerMapping - Mapped "{[/events/findevent],methods=[],params=[],headers=[],consumes=[],produces=[],custom=[]}" onto public java.lang.String com.eventpool.web.controller.EventController.getFindEventPartialPage(org.springframework.ui.ModelMap)
2013-05-01 12:02:43,038 [main] INFO  o.s.w.s.m.m.a.RequestMappingHandlerMapping - Mapped "{[/events/mytickets],methods=[],params=[],headers=[],consumes=[],produces=[],custom=[]}" onto public java.lang.String com.eventpool.web.controller.EventController.getMyTicketsPartialPage(org.springframework.ui.ModelMap)
2013-05-01 12:02:43,039 [main] INFO  o.s.w.s.m.m.a.RequestMappingHandlerMapping - Mapped "{[//home],methods=[],params=[],headers=[],consumes=[],produces=[],custom=[]}" onto public java.lang.String com.eventpool.web.controller.IndexController.getIndex()
2013-05-01 12:02:43,039 [main] INFO  o.s.w.s.m.m.a.RequestMappingHandlerMapping - Mapped "{[/],methods=[],params=[],headers=[],consumes=[],produces=[],custom=[]}" onto public java.lang.String com.eventpool.web.controller.IndexController.getIndexPage()
2013-05-01 12:02:43,947 [net.sf.ehcache.CacheManager@383de71c] INFO  net.sf.ehcache.util.UpdateChecker - New update(s) found: 2.4.7 [http://www.terracotta.org/confluence/display/release/Release+Notes+Ehcache+Core+2.4]. Please check http://ehcache.org for the latest version.
2013-05-01 12:02:44,083 [main] INFO  o.s.w.s.h.SimpleUrlHandlerMapping - Mapped URL path [/resources/**] onto handler 'org.springframework.web.servlet.resource.ResourceHttpRequestHandler#0'
2013-05-01 12:02:44,084 [main] INFO  org.dozer.DozerBeanMapper - Initializing a new instance of dozer bean mapper.
2013-05-01 12:02:44,264 [main] INFO  o.s.w.s.v.v.VelocityConfigurer - ClasspathResourceLoader with name 'springMacro' added to configured VelocityEngine
2013-05-01 12:02:44,490 [main] INFO  o.s.web.servlet.DispatcherServlet - FrameworkServlet 'DispatcherServlet': initialization completed in 2126 ms
